<?xml version="1.0" encoding="UTF-8"?>
<testng-results skipped="0" failed="0" ignored="0" total="1" passed="1">
  <reporter-output>
  </reporter-output>
  <suite name="Default suite" duration-ms="76041" started-at="2019-04-26T17:33:31Z" finished-at="2019-04-26T17:34:47Z">
    <groups>
    </groups>
    <test name="Default test" duration-ms="76041" started-at="2019-04-26T17:33:31Z" finished-at="2019-04-26T17:34:47Z">
      <class name="sampletestcases.NewTest">
        <test-method status="PASS" signature="beforeClass()[pri:0, instance:sampletestcases.NewTest@65466a6a]" name="beforeClass" duration-ms="75972" started-at="2019-04-26T23:03:31Z" finished-at="2019-04-26T23:04:47Z">
          <reporter-output>
          </reporter-output>
        </test-method> <!-- beforeClass -->
      </class> <!-- sampletestcases.NewTest -->
    </test> <!-- Default test -->
  </suite> <!-- Default suite -->
</testng-results>
